<?xml version="1.0" encoding="UTF-8" ?>
<testsuite tests="19" failures="0" name="org.race.NitroCarTest" time="0.005" errors="0" skipped="0">
  <properties>
[...]
</properties>
  <testcase classname="org.race.NitroCarTest" name="shouldSetCorrectTopSpeed" time="0.002"/>
  <testcase classname="org.race.NitroCarTest" name="shouldNotBeAbleToCreateACarWithIllegalTeamNumber" time="0"/>
  <testcase classname="org.race.NitroCarTest" name="shouldNotRaceWhenCarIsAlreadyFinished" time="0"/>
  <testcase classname="org.race.NitroCarTest" name="shouldSetCorrectAcceleration" time="0"/>
  <testcase classname="org.race.NitroCarTest" name="shouldNotApplyNitroWhenOutOfRace" time="0"/>
  <testcase classname="org.race.NitroCarTest" name="shouldIncreseRaceTimeCorrectlyWhenRacing" time="0"/>
  <testcase classname="org.race.NitroCarTest" name="shouldDoubleTheSpeedWhenTopSpeedIsGreaterWhenNitroIsApplied" time="0"/>
  <testcase classname="org.race.NitroCarTest" name="shouldNotApplyHFWhenNotInRace" time="0"/>
  <testcase classname="org.race.NitroCarTest" name="shouldReduceSpeedWhenHFIsApplied" time="0.001"/>
  <testcase classname="org.race.NitroCarTest" name="shouldSetCorrectInitialDistance" time="0"/>
  <testcase classname="org.race.NitroCarTest" name="shouldReturnSameHashcodeForSameTeamCars" time="0"/>
  <testcase classname="org.race.NitroCarTest" name="shouldIncreseSpeedCorrectlyWhenRacing" time="0.001"/>
  <testcase classname="org.race.NitroCarTest" name="shouldReturnTrueForSameTeamCarForEquals" time="0"/>
  <testcase classname="org.race.NitroCarTest" name="shouldReduceRemainingDistanceCorrectlyWhenRacing" time="0"/>
  <testcase classname="org.race.NitroCarTest" name="shouldAttainTopSpeedWhenTopSpeedIsLessThanDoubledSpeedWhenNitroIsApplied" time="0"/>
  <testcase classname="org.race.NitroCarTest" name="shouldNotBeAbleToCreateACarWithIllegalTeamCount" time="0"/>
  <testcase classname="org.race.NitroCarTest" name="shouldNotHaveNitroAfterOneUse" time="0"/>
  <testcase classname="org.race.NitroCarTest" name="shouldHaveNitroAvailableInitially" time="0.001"/>
  <testcase classname="org.race.NitroCarTest" name="shouldReturnTrueWhenZeroOrNegativeDistanceToBeCovered" time="0"/>
</testsuite>